000.000 =============================================================
000.000                     Station B                               
000.000 -------------------------------------------------------------
000.000 Protocol.lib, version 4.0, jiangyanjun0718@bupt.edu.cn
000.000 Channel: 8000 bps, 270 ms propagation delay, bit error rate 1.0E-05
000.000 Log file "./gobackn_current-B.log", TCP port 59204, debug mask 0x00
000.000 Station B is connecting station A (TCP port 59204) ... Done.
000.244 New epoch: Tue May 12 20:14:24 2026
000.244 =================================================================
000.244 
000.245 Go-Back-N sliding window, build: May 12 2026  20:10:12
000.245 MAX_SEQ=7, WINDOW_SIZE=7
002.683 .... 8 packets received, 7642 bps, 95.52%, Err 0 (0.0e+00)
004.850 .... 16 packets received, 7601 bps, 95.01%, Err 0 (0.0e+00)
007.006 .... 24 packets received, 7600 bps, 95.01%, Err 0 (0.0e+00)
009.169 .... 32 packets received, 7594 bps, 94.92%, Err 0 (0.0e+00)
013.937 .... 38 packets received, 5809 bps, 72.61%, Err 1 (1.0e-05)
016.103 .... 46 packets received, 6053 bps, 75.66%, Err 1 (8.6e-06)
018.252 .... 54 packets received, 6244 bps, 78.04%, Err 1 (7.5e-06)
020.025 Quit.
